PRT1
55
151
4 0 27 (704 0 126 ) (0 0 126 ) (0 0 -64 ) (704 0 -64 ) 
4 0 13 (0 0 -64 ) (0 0 126 ) (0 832 126 ) (0 832 -64 ) 
3 0 12 (0 672.028015 -64 ) (0 831 -64 ) (63.581249 831 -64 ) 
5 0 11 (0 0 -64 ) (0 672.028015 -64 ) (63.981201 832 -64 ) (64 832 -64 ) (64 0 -64 ) 
3 0 9 (448 96.129700 -64 ) (448 64 -64 ) (351.592987 64 -64 ) 
3 0 8 (64 350.980042 -64 ) (64 448 -64 ) (96.336197 448 -64 ) 
3 0 7 (64 64 -64 ) (64 128 -64 ) (128 64 -64 ) 
4 0 10 (448 0 -64 ) (64 0 -64 ) (64 64 -64 ) (448 64 -64 ) 
4 0 5 (448 416 -64 ) (448 448 -64 ) (544 448 -64 ) (544 416 -64 ) 
4 0 6 (544 0 -64 ) (448 0 -64 ) (448 416 -64 ) (544 416 -64 ) 
4 0 3 (704 16 -64 ) (704 0 -64 ) (592 0 -64 ) (592 16 -64 ) 
4 0 2 (704 448 -64 ) (704 16 -64 ) (592 16 -64 ) (592 448 -64 ) 
4 0 4 (592 0 -64 ) (544 0 -64 ) (544 448 -64 ) (592 448 -64 ) 
5 0 1 (64 832 -64 ) (576 832 -64 ) (704 704 -64 ) (704 448 -64 ) (64 448 -64 ) 
4 1 11 (64 832 -256 ) (64 448 -256 ) (64 448 -64 ) (64 832 -64 ) 
4 1 8 (64 448 -64 ) (64 448 -256 ) (96.336197 448 -256 ) (96.336212 448 -64 ) 
4 1 5 (544 448 -176 ) (544 448 -64 ) (448 448 -64 ) (448 448 -176 ) 
4 1 2 (592 448 -256 ) (704 448 -256 ) (704 448 -64 ) (592 448 -64 ) 
4 1 4 (544 448 -256 ) (592 448 -256 ) (592 448 -64 ) (544 448 -64 ) 
4 2 3 (592 16 -64 ) (592 16 -208 ) (704 16 -192 ) (704 16 -64 ) 
4 2 4 (592 448 -64 ) (592 448 -256 ) (592 16 -256 ) (592 16 -64 ) 
4 3 28 (704 0 -64 ) (592 0 -64 ) (592 0 -208 ) (704 0 -192 ) 
4 3 4 (592 0 -208 ) (592 0 -64 ) (592 16 -64 ) (592 16 -208 ) 
4 4 30 (592 0 -64 ) (544 0 -64 ) (544 0 -256 ) (592 0 -256 ) 
4 4 5 (544 448 -64 ) (544 448 -176 ) (544 416 -176 ) (544 416 -64 ) 
4 4 6 (544 416 -256 ) (544 0 -256 ) (544 0 -64 ) (544 416 -64 ) 
4 5 6 (448 416 -64 ) (448 416 -176 ) (544 416 -176 ) (544 416 -64 ) 
4 6 31 (544 0 -64 ) (448 0 -64 ) (448 0 -256 ) (544 0 -256 ) 
4 6 9 (448 96.129700 -256 ) (448 64 -256 ) (448 64 -64 ) (448 96.129700 -64 ) 
4 6 10 (448 64 -256 ) (448 0 -256 ) (448 0 -64 ) (448 64 -64 ) 
4 7 11 (64 128 -256 ) (64 64 -256 ) (64 64 -64 ) (64 128 -64 ) 
4 7 10 (64 64 -64 ) (64 64 -256 ) (128 64 -256 ) (128 64 -64 ) 
4 8 11 (64 448 -256 ) (64 350.980011 -256 ) (64 350.980042 -64 ) (64 448 -64 ) 
4 9 10 (351.592957 64 -256 ) (448 64 -256 ) (448 64 -64 ) (351.592987 64 -64 ) 
4 10 34 (448 0 -64 ) (64 0 -64 ) (64 0 -256 ) (448 0 -256 ) 
4 10 11 (64 64 -256 ) (64 0 -256 ) (64 0 -64 ) (64 64 -64 ) 
4 11 39 (64 0 -64 ) (0 0 -64 ) (0 0 -256 ) (64 0 -256 ) 
4 11 14 (0 0 -256 ) (0 0 -64 ) (0 672.027954 -64 ) (0 672.027954 -256 ) 
3 11 12 (0 672.027527 -127.590820 ) (0 672.027344 -64 ) (63.581318 831 -64 ) 
3 12 16 (0 672.027954 -64 ) (0 831 -64 ) (0 672.027954 -127.590622 ) 
4 13 42 (0 0 -64 ) (0 0 126 ) (-704 0 126 ) (-704 0 -64 ) 
4 13 26 (-592 0 -64 ) (-704 0 -64 ) (-704 16 -64 ) (-592 16 -64 ) 
4 13 25 (-704 16 -64 ) (-704 448 -64 ) (-592 448 -64 ) (-592 16 -64 ) 
4 13 24 (-544 0 -64 ) (-592 0 -64 ) (-592 448 -64 ) (-544 448 -64 ) 
4 13 22 (-544 416 -64 ) (-544 448 -64 ) (-448 448 -64 ) (-448 416 -64 ) 
4 13 23 (-448 0 -64 ) (-544 0 -64 ) (-544 416 -64 ) (-448 416 -64 ) 
3 13 20 (-95.678711 448 -64 ) (-64 448 -64 ) (-64 352.953003 -64 ) 
3 13 19 (-64 128 -64 ) (-64 64 -64 ) (-128 64 -64 ) 
3 13 18 (-448 64 -64 ) (-448 95.839798 -64 ) (-352.462006 64 -64 ) 
4 13 21 (-64 0 -64 ) (-448 0 -64 ) (-448 64 -64 ) (-64 64 -64 ) 
5 13 17 (-704 448 -64 ) (-704 704 -64 ) (-576 832 -64 ) (-64 832 -64 ) (-64 448 -64 ) 
4 13 16 (0 831 -64 ) (0 672.027954 -64 ) (-0.107131 671.760071 -64 ) (-63.798405 831 -64 ) 
3 13 15 (-64 512.008972 -64 ) (-64 831.504028 -64 ) (-0.107131 671.760071 -64 ) 
4 13 14 (0 0 -64 ) (-64 0 -64 ) (-64 512.008972 -64 ) (0 672.027954 -64 ) 
4 14 43 (0 0 -256 ) (0 0 -64 ) (-64 0 -64 ) (-64 0 -256 ) 
4 14 20 (-64 448 -256 ) (-64 352.953003 -256 ) (-64 352.953003 -64 ) (-64 448 -64 ) 
4 14 19 (-64 128 -256 ) (-64 64 -256 ) (-64 64 -64 ) (-64 128 -64 ) 
4 14 21 (-64 64 -256 ) (-64 0 -256 ) (-64 0 -64 ) (-64 64 -64 ) 
4 14 17 (-64 512.009033 -256 ) (-64 448 -256 ) (-64 448 -64 ) (-64 512.008972 -64 ) 
4 14 16 (-0.106424 671.758301 -127.698486 ) (-0.106522 671.758545 -64 ) (0 672.024902 -64 ) (0 672.024414 -127.592033 ) 
4 14 15 (-0.106228 671.757813 -256 ) (-64 512.005859 -256 ) (-64 512.005859 -64 ) (-0.106522 671.758545 -64 ) 
4 15 17 (-64 831.504028 -256 ) (-64 512.009033 -256 ) (-64 512.008972 -64 ) (-64 831.504028 -64 ) 
3 15 16 (-0.105469 671.757813 -64 ) (-0.105469 671.757813 -127.698685 ) (-63.797287 831 -64 ) 
4 17 25 (-704 448 -64 ) (-704 448 -256 ) (-592 448 -256 ) (-592 448 -64 ) 
4 17 24 (-592 448 -256 ) (-544 448 -256 ) (-544 448 -64 ) (-592 448 -64 ) 
4 17 22 (-448 448 -176 ) (-448 448 -64 ) (-544 448 -64 ) (-544 448 -176 ) 
4 17 20 (-95.678711 448 -256 ) (-64 448 -256 ) (-64 448 -64 ) (-95.678703 448 -64 ) 
4 18 23 (-448 95.839783 -256 ) (-448 64 -256 ) (-448 64 -64 ) (-448 95.839798 -64 ) 
4 18 21 (-448 64 -64 ) (-448 64 -256 ) (-352.462006 64 -256 ) (-352.462006 64 -64 ) 
4 19 21 (-128 64 -256 ) (-64 64 -256 ) (-64 64 -64 ) (-128 64 -64 ) 
4 21 45 (-64 0 -64 ) (-448 0 -64 ) (-448 0 -256 ) (-64 0 -256 ) 
4 21 23 (-448 64 -256 ) (-448 0 -256 ) (-448 0 -64 ) (-448 64 -64 ) 
4 22 24 (-544 448 -64 ) (-544 448 -176 ) (-544 416 -176 ) (-544 416 -64 ) 
4 22 23 (-544 416 -64 ) (-544 416 -176 ) (-448 416 -176 ) (-448 416 -64 ) 
4 23 49 (-448 0 -64 ) (-544 0 -64 ) (-544 0 -256 ) (-448 0 -256 ) 
4 23 24 (-544 416 -256 ) (-544 0 -256 ) (-544 0 -64 ) (-544 416 -64 ) 
4 24 51 (-544 0 -64 ) (-592 0 -64 ) (-592 0 -256 ) (-544 0 -256 ) 
4 24 26 (-592 0 -208 ) (-592 0 -64 ) (-592 16 -64 ) (-592 16 -208 ) 
4 24 25 (-592 448 -64 ) (-592 448 -256 ) (-592 16 -256 ) (-592 16 -64 ) 
4 25 26 (-704 16 -64 ) (-704 16 -192.014999 ) (-592 16 -208 ) (-592 16 -64 ) 
4 26 52 (-592 0 -64 ) (-704 0 -64 ) (-704 0 -192.014999 ) (-592 0 -208 ) 
4 27 42 (0 0 126 ) (0 0 -64 ) (0 -832 -64 ) (0 -832 126 ) 
4 27 41 (0 -831.841980 -64 ) (0 -672.477051 -64 ) (0.279740 -671.777527 -64 ) (63.809029 -830.608521 -64 ) 
3 27 40 (0 -672.477051 -64 ) (0 -671.078125 -64 ) (0.279740 -671.777527 -64 ) 
4 27 39 (0 -671.078125 -64 ) (0 0 -64 ) (64 0 -64 ) (64 -831.085999 -64 ) 
3 27 37 (448 -64 -64 ) (448 -96.102982 -64 ) (351.671997 -64 -64 ) 
3 27 36 (64 -128 -64 ) (64 -64 -64 ) (128 -64 -64 ) 
3 27 35 (96.284119 -448 -64 ) (64 -448 -64 ) (64 -351.135010 -64 ) 
4 27 34 (64 0 -64 ) (448 0 -64 ) (448 -64 -64 ) (64 -64 -64 ) 
4 27 38 (448 -448 -64 ) (448 -832 -64 ) (64 -832 -64 ) (64 -448 -64 ) 
4 27 32 (544 -416 -64 ) (544 -448 -64 ) (448 -448 -64 ) (448 -416 -64 ) 
4 27 31 (448 0 -64 ) (544 0 -64 ) (544 -416 -64 ) (448 -416 -64 ) 
4 27 33 (544 -448 -64 ) (544 -832 -64 ) (448 -832 -64 ) (448 -448 -64 ) 
5 27 30 (544 0 -64 ) (592 0 -64 ) (592 -816 -64 ) (576 -832 -64 ) (544 -832 -64 ) 
4 27 28 (592 0 -64 ) (704 0 -64 ) (704 -16 -64 ) (592 -16 -64 ) 
4 27 29 (704 -16 -64 ) (704 -704 -64 ) (592 -816 -64 ) (592 -16 -64 ) 
4 28 30 (592 -16 -208 ) (592 -16 -64 ) (592 0 -64 ) (592 0 -208 ) 
4 28 29 (592 -16 -64 ) (592 -16 -208 ) (704 -16 -192 ) (704 -16 -64 ) 
4 29 30 (592 -16 -256 ) (592 -816 -256 ) (592 -816 -64 ) (592 -16 -64 ) 
4 30 32 (544 -448 -176 ) (544 -448 -64 ) (544 -416 -64 ) (544 -416 -176 ) 
4 30 31 (544 0 -256 ) (544 -416 -256 ) (544 -416 -64 ) (544 0 -64 ) 
4 30 33 (544 -448 -256 ) (544 -832 -256 ) (544 -832 -64 ) (544 -448 -64 ) 
4 31 37 (448 -64 -256 ) (448 -96.102989 -256 ) (448 -96.102997 -64 ) (448 -64 -64 ) 
4 31 34 (448 0 -256 ) (448 -64 -256 ) (448 -64 -64 ) (448 0 -64 ) 
4 31 32 (448 -416 -64 ) (448 -416 -176 ) (544 -416 -176 ) (544 -416 -64 ) 
4 32 33 (448 -448 -64 ) (448 -448 -176 ) (544 -448 -176 ) (544 -448 -64 ) 
4 33 38 (448 -448 -256 ) (448 -832 -256 ) (448 -832 -64 ) (448 -448 -64 ) 
4 34 39 (64 0 -256 ) (64 -64 -256 ) (64 -64 -64 ) (64 0 -64 ) 
4 34 37 (351.671997 -64 -256 ) (448 -64 -256 ) (448 -64 -64 ) (351.671997 -64 -64 ) 
4 34 36 (64 -64 -64 ) (64 -64 -256 ) (128 -64 -256 ) (128 -64 -64 ) 
4 35 39 (64 -351.135010 -256 ) (64 -448 -256 ) (64 -448 -64 ) (64 -351.135010 -64 ) 
4 35 38 (64 -448 -64 ) (64 -448 -256 ) (96.284103 -448 -256 ) (96.284119 -448 -64 ) 
4 36 39 (64 -64 -256 ) (64 -128 -256 ) (64 -128 -64 ) (64 -64 -64 ) 
4 38 39 (64 -448 -256 ) (64 -831.085999 -256 ) (64 -831.085999 -64 ) (64 -448 -64 ) 
4 39 43 (0 0 -64 ) (0 0 -256 ) (0 -671.078125 -256 ) (0 -671.078125 -64 ) 
3 39 41 (63.808285 -830.608582 -64 ) (0.279362 -671.778442 -64 ) (0.279227 -671.778809 -128.515533 ) 
4 39 40 (0 -671.082031 -256 ) (0.278961 -671.779480 -256 ) (0.279362 -671.778442 -64 ) (0 -671.080017 -64 ) 
4 40 43 (0 -671.078125 -256 ) (0 -672.477051 -256 ) (0 -672.477051 -64 ) (0 -671.078125 -64 ) 
4 40 41 (0.278322 -671.779297 -128.515320 ) (0.278321 -671.779297 -64 ) (0 -672.475281 -64 ) (0 -672.475281 -128.236954 ) 
3 41 44 (0 -831.841919 -64 ) (0 -672.477051 -64 ) (0 -672.477051 -128.236237 ) 
5 42 54 (-64 -448 -64 ) (-64 -832 -64 ) (-576 -832 -64 ) (-704 -704 -64 ) (-704 -448 -64 ) 
4 42 52 (-704 0 -64 ) (-592 0 -64 ) (-592 -16 -64 ) (-704 -16 -64 ) 
4 42 53 (-592 -16 -64 ) (-592 -448 -64 ) (-704 -448 -64 ) (-704 -16 -64 ) 
4 42 50 (-448 -416 -64 ) (-448 -448 -64 ) (-544 -448 -64 ) (-544 -416 -64 ) 
4 42 49 (-544 0 -64 ) (-448 0 -64 ) (-448 -416 -64 ) (-544 -416 -64 ) 
4 42 51 (-592 0 -64 ) (-544 0 -64 ) (-544 -448 -64 ) (-592 -448 -64 ) 
3 42 48 (-448 -95.815399 -64 ) (-448 -64 -64 ) (-352.536011 -64 -64 ) 
3 42 47 (-64 -353.104980 -64 ) (-64 -448 -64 ) (-95.627998 -448 -64 ) 
3 42 46 (-64 -64 -64 ) (-64 -128 -64 ) (-128 -64 -64 ) 
4 42 45 (-448 0 -64 ) (-64 0 -64 ) (-64 -64 -64 ) (-448 -64 -64 ) 
3 42 44 (0 -672.477112 -64 ) (0 -832 -64 ) (-63.791656 -832 -64 ) 
5 42 43 (-64 0 -64 ) (0 0 -64 ) (0 -672.477112 -64 ) (-63.791656 -832 -64 ) (-64 -832 -64 ) 
4 43 54 (-64 -448 -256 ) (-64 -832 -256 ) (-64 -832 -64 ) (-64 -448 -64 ) 
4 43 47 (-64 -353.104980 -256 ) (-64 -448 -256 ) (-64 -448 -64 ) (-64 -353.105011 -64 ) 
4 43 46 (-64 -64 -256 ) (-64 -128 -256 ) (-64 -128 -64 ) (-64 -64 -64 ) 
4 43 45 (-64 0 -256 ) (-64 -64 -256 ) (-64 -64 -64 ) (-64 0 -64 ) 
4 43 44 (-64 -832.515625 -64 ) (-64 -832.515625 -64.227074 ) (0 -672.472107 -128.238251 ) (0 -672.472290 -64 ) 
4 45 49 (-448 0 -256 ) (-448 -64 -256 ) (-448 -64 -64 ) (-448 0 -64 ) 
4 45 48 (-448 -64 -64 ) (-448 -64 -256 ) (-352.536011 -64 -256 ) (-352.536011 -64 -64 ) 
4 45 46 (-128 -64 -256 ) (-64 -64 -256 ) (-64 -64 -64 ) (-128 -64 -64 ) 
4 47 54 (-95.628021 -448 -256 ) (-64 -448 -256 ) (-64 -448 -64 ) (-95.627998 -448 -64 ) 
4 48 49 (-448 -64 -256 ) (-448 -95.815407 -256 ) (-448 -95.815399 -64 ) (-448 -64 -64 ) 
4 49 50 (-544 -416 -64 ) (-544 -416 -176 ) (-448 -416 -176 ) (-448 -416 -64 ) 
4 49 51 (-544 0 -256 ) (-544 -416 -256 ) (-544 -416 -64 ) (-544 0 -64 ) 
4 50 54 (-448 -448 -176 ) (-448 -448 -64 ) (-544 -448 -64 ) (-544 -448 -176 ) 
4 50 51 (-544 -448 -176 ) (-544 -448 -64 ) (-544 -416 -64 ) (-544 -416 -176 ) 
4 51 54 (-592 -448 -256 ) (-544 -448 -256 ) (-544 -448 -64 ) (-592 -448 -64 ) 
4 51 52 (-592 -16 -208 ) (-592 -16 -64 ) (-592 0 -64 ) (-592 0 -208 ) 
4 51 53 (-592 -16 -256 ) (-592 -448 -256 ) (-592 -448 -64 ) (-592 -16 -64 ) 
4 52 53 (-704 -16 -64 ) (-704 -16 -192.014999 ) (-592 -16 -208 ) (-592 -16 -64 ) 
4 53 54 (-704 -448 -64 ) (-704 -448 -256 ) (-592 -448 -256 ) (-592 -448 -64 ) 
